{"C:\\Users\\Home\\Desktop\\re\\web2019_3_anastasiia_bozhenko\\Task_7\\src\\index.js": {"path":"C:\\Users\\Home\\Desktop\\re\\web2019_3_anastasiia_bozhenko\\Task_7\\src\\index.js","statementMap":{"0":{"start":{"line":6,"column":0},"end":{"line":6,"column":73}}},"fnMap":{},"branchMap":{},"s":{"0":0},"f":{},"b":{},"hash":"a532513bbec7dd00807dc609c57dacb22d5f278c"}
,"C:\\Users\\Home\\Desktop\\re\\web2019_3_anastasiia_bozhenko\\Task_7\\src\\Helpers\\UrlHelpers.js": {"path":"C:\\Users\\Home\\Desktop\\re\\web2019_3_anastasiia_bozhenko\\Task_7\\src\\Helpers\\UrlHelpers.js","statementMap":{"0":{"start":{"line":3,"column":30},"end":{"line":3,"column":90}},"1":{"start":{"line":3,"column":46},"end":{"line":3,"column":90}}},"fnMap":{"0":{"name":"(anonymous_0)","decl":{"start":{"line":3,"column":30},"end":{"line":3,"column":31}},"loc":{"start":{"line":3,"column":46},"end":{"line":3,"column":90}},"line":3}},"branchMap":{},"s":{"0":0,"1":0},"f":{"0":0},"b":{},"hash":"72ae5c00643a22e820dd4723e506d6a0f668a86c"}
,"C:\\Users\\Home\\Desktop\\re\\web2019_3_anastasiia_bozhenko\\Task_7\\src\\Store\\actionType.js": {"path":"C:\\Users\\Home\\Desktop\\re\\web2019_3_anastasiia_bozhenko\\Task_7\\src\\Store\\actionType.js","statementMap":{"0":{"start":{"line":1,"column":28},"end":{"line":1,"column":42}},"1":{"start":{"line":2,"column":31},"end":{"line":2,"column":48}},"2":{"start":{"line":3,"column":31},"end":{"line":3,"column":48}},"3":{"start":{"line":4,"column":24},"end":{"line":4,"column":34}},"4":{"start":{"line":5,"column":25},"end":{"line":5,"column":36}}},"fnMap":{},"branchMap":{},"s":{"0":4,"1":4,"2":4,"3":4,"4":4},"f":{},"b":{},"_coverageSchema":"43e27e138ebf9cfc5966b082cf9a028302ed4184","hash":"a7abaf4b2facaa2e92a8d14ceba349943aaaa156"}
,"C:\\Users\\Home\\Desktop\\re\\web2019_3_anastasiia_bozhenko\\Task_7\\src\\Store\\initialStore.js": {"path":"C:\\Users\\Home\\Desktop\\re\\web2019_3_anastasiia_bozhenko\\Task_7\\src\\Store\\initialStore.js","statementMap":{"0":{"start":{"line":3,"column":28},"end":{"line":6,"column":1}}},"fnMap":{},"branchMap":{},"s":{"0":1},"f":{},"b":{},"_coverageSchema":"43e27e138ebf9cfc5966b082cf9a028302ed4184","hash":"681539784c601feb2b8e48625c5ff73648593906"}
,"C:\\Users\\Home\\Desktop\\re\\web2019_3_anastasiia_bozhenko\\Task_7\\src\\Store\\reducer.js": {"path":"C:\\Users\\Home\\Desktop\\re\\web2019_3_anastasiia_bozhenko\\Task_7\\src\\Store\\reducer.js","statementMap":{},"fnMap":{},"branchMap":{},"s":{},"f":{},"b":{},"hash":"7a0ee83fe65832b2c92121f0d09bdcbb537054a9"}
,"C:\\Users\\Home\\Desktop\\re\\web2019_3_anastasiia_bozhenko\\Task_7\\src\\Store\\Category\\Selectors.js": {"path":"C:\\Users\\Home\\Desktop\\re\\web2019_3_anastasiia_bozhenko\\Task_7\\src\\Store\\Category\\Selectors.js","statementMap":{},"fnMap":{},"branchMap":{},"s":{},"f":{},"b":{},"hash":"62cf41be51ee77e93451ac9c49e9c3509cf37e95"}
,"C:\\Users\\Home\\Desktop\\re\\web2019_3_anastasiia_bozhenko\\Task_7\\src\\Store\\Category\\actions.js": {"path":"C:\\Users\\Home\\Desktop\\re\\web2019_3_anastasiia_bozhenko\\Task_7\\src\\Store\\Category\\actions.js","statementMap":{"0":{"start":{"line":3,"column":27},"end":{"line":6,"column":2}},"1":{"start":{"line":3,"column":39},"end":{"line":6,"column":1}},"2":{"start":{"line":7,"column":30},"end":{"line":10,"column":2}},"3":{"start":{"line":7,"column":42},"end":{"line":10,"column":1}},"4":{"start":{"line":11,"column":30},"end":{"line":14,"column":2}},"5":{"start":{"line":11,"column":42},"end":{"line":14,"column":1}}},"fnMap":{"0":{"name":"(anonymous_0)","decl":{"start":{"line":3,"column":27},"end":{"line":3,"column":28}},"loc":{"start":{"line":3,"column":39},"end":{"line":6,"column":1}},"line":3},"1":{"name":"(anonymous_1)","decl":{"start":{"line":7,"column":30},"end":{"line":7,"column":31}},"loc":{"start":{"line":7,"column":42},"end":{"line":10,"column":1}},"line":7},"2":{"name":"(anonymous_2)","decl":{"start":{"line":11,"column":30},"end":{"line":11,"column":31}},"loc":{"start":{"line":11,"column":42},"end":{"line":14,"column":1}},"line":11}},"branchMap":{},"s":{"0":1,"1":1,"2":1,"3":1,"4":1,"5":1},"f":{"0":1,"1":1,"2":1},"b":{},"_coverageSchema":"43e27e138ebf9cfc5966b082cf9a028302ed4184","hash":"3e7098711d19a069f9b2d52f3e879dd6da97abe5"}
,"C:\\Users\\Home\\Desktop\\re\\web2019_3_anastasiia_bozhenko\\Task_7\\src\\Store\\Category\\reducer.js": {"path":"C:\\Users\\Home\\Desktop\\re\\web2019_3_anastasiia_bozhenko\\Task_7\\src\\Store\\Category\\reducer.js","statementMap":{"0":{"start":{"line":10,"column":31},"end":{"line":46,"column":1}},"1":{"start":{"line":11,"column":2},"end":{"line":45,"column":3}},"2":{"start":{"line":13,"column":6},"end":{"line":13,"column":60}},"3":{"start":{"line":16,"column":20},"end":{"line":16,"column":34}},"4":{"start":{"line":17,"column":6},"end":{"line":23,"column":7}},"5":{"start":{"line":18,"column":19},"end":{"line":18,"column":25}},"6":{"start":{"line":19,"column":8},"end":{"line":22,"column":10}},"7":{"start":{"line":24,"column":25},"end":{"line":24,"column":44}},"8":{"start":{"line":25,"column":6},"end":{"line":25,"column":24}},"9":{"start":{"line":28,"column":30},"end":{"line":28,"column":86}},"10":{"start":{"line":28,"column":55},"end":{"line":28,"column":85}},"11":{"start":{"line":29,"column":6},"end":{"line":29,"column":29}},"12":{"start":{"line":32,"column":23},"end":{"line":40,"column":8}},"13":{"start":{"line":33,"column":8},"end":{"line":38,"column":9}},"14":{"start":{"line":34,"column":10},"end":{"line":37,"column":12}},"15":{"start":{"line":39,"column":8},"end":{"line":39,"column":20}},"16":{"start":{"line":41,"column":6},"end":{"line":41,"column":27}},"17":{"start":{"line":44,"column":6},"end":{"line":44,"column":19}}},"fnMap":{"0":{"name":"(anonymous_0)","decl":{"start":{"line":10,"column":31},"end":{"line":10,"column":32}},"loc":{"start":{"line":10,"column":55},"end":{"line":46,"column":1}},"line":10},"1":{"name":"(anonymous_1)","decl":{"start":{"line":28,"column":43},"end":{"line":28,"column":44}},"loc":{"start":{"line":28,"column":55},"end":{"line":28,"column":85}},"line":28},"2":{"name":"(anonymous_2)","decl":{"start":{"line":32,"column":33},"end":{"line":32,"column":34}},"loc":{"start":{"line":32,"column":41},"end":{"line":40,"column":7}},"line":32}},"branchMap":{"0":{"loc":{"start":{"line":10,"column":32},"end":{"line":10,"column":42}},"type":"default-arg","locations":[{"start":{"line":10,"column":40},"end":{"line":10,"column":42}}],"line":10},"1":{"loc":{"start":{"line":11,"column":2},"end":{"line":45,"column":3}},"type":"switch","locations":[{"start":{"line":12,"column":4},"end":{"line":14,"column":5}},{"start":{"line":15,"column":4},"end":{"line":26,"column":5}},{"start":{"line":27,"column":4},"end":{"line":30,"column":5}},{"start":{"line":31,"column":4},"end":{"line":42,"column":5}},{"start":{"line":43,"column":4},"end":{"line":44,"column":19}}],"line":11},"2":{"loc":{"start":{"line":13,"column":13},"end":{"line":13,"column":59}},"type":"cond-expr","locations":[{"start":{"line":13,"column":37},"end":{"line":13,"column":42}},{"start":{"line":13,"column":45},"end":{"line":13,"column":59}}],"line":13},"3":{"loc":{"start":{"line":13,"column":13},"end":{"line":13,"column":34}},"type":"binary-expr","locations":[{"start":{"line":13,"column":13},"end":{"line":13,"column":18}},{"start":{"line":13,"column":22},"end":{"line":13,"column":34}}],"line":13},"4":{"loc":{"start":{"line":17,"column":6},"end":{"line":23,"column":7}},"type":"if","locations":[{"start":{"line":17,"column":6},"end":{"line":23,"column":7}},{"start":{"line":17,"column":6},"end":{"line":23,"column":7}}],"line":17},"5":{"loc":{"start":{"line":33,"column":8},"end":{"line":38,"column":9}},"type":"if","locations":[{"start":{"line":33,"column":8},"end":{"line":38,"column":9}},{"start":{"line":33,"column":8},"end":{"line":38,"column":9}}],"line":33}},"s":{"0":1,"1":3,"2":0,"3":1,"4":1,"5":0,"6":0,"7":1,"8":1,"9":1,"10":2,"11":1,"12":1,"13":2,"14":1,"15":1,"16":1,"17":0},"f":{"0":3,"1":2,"2":2},"b":{"0":[0],"1":[0,1,1,1,0],"2":[0,0],"3":[0,0],"4":[0,1],"5":[1,1]},"_coverageSchema":"43e27e138ebf9cfc5966b082cf9a028302ed4184","hash":"de52f5766e053d7443a9b431c1a006d1d35152ba"}
,"C:\\Users\\Home\\Desktop\\re\\web2019_3_anastasiia_bozhenko\\Task_7\\src\\Store\\Tasks\\actions.js": {"path":"C:\\Users\\Home\\Desktop\\re\\web2019_3_anastasiia_bozhenko\\Task_7\\src\\Store\\Tasks\\actions.js","statementMap":{"0":{"start":{"line":3,"column":23},"end":{"line":6,"column":2}},"1":{"start":{"line":3,"column":35},"end":{"line":6,"column":1}},"2":{"start":{"line":7,"column":24},"end":{"line":10,"column":2}},"3":{"start":{"line":7,"column":36},"end":{"line":10,"column":1}}},"fnMap":{"0":{"name":"(anonymous_0)","decl":{"start":{"line":3,"column":23},"end":{"line":3,"column":24}},"loc":{"start":{"line":3,"column":35},"end":{"line":6,"column":1}},"line":3},"1":{"name":"(anonymous_1)","decl":{"start":{"line":7,"column":24},"end":{"line":7,"column":25}},"loc":{"start":{"line":7,"column":36},"end":{"line":10,"column":1}},"line":7}},"branchMap":{},"s":{"0":1,"1":1,"2":1,"3":1},"f":{"0":1,"1":1},"b":{},"_coverageSchema":"43e27e138ebf9cfc5966b082cf9a028302ed4184","hash":"901e3a526bd9915cf5a7c6e324c2f58ae1479842"}
,"C:\\Users\\Home\\Desktop\\re\\web2019_3_anastasiia_bozhenko\\Task_7\\src\\Store\\Tasks\\reducer.js": {"path":"C:\\Users\\Home\\Desktop\\re\\web2019_3_anastasiia_bozhenko\\Task_7\\src\\Store\\Tasks\\reducer.js","statementMap":{"0":{"start":{"line":12,"column":12},"end":{"line":16,"column":1}},"1":{"start":{"line":18,"column":27},"end":{"line":48,"column":1}},"2":{"start":{"line":19,"column":2},"end":{"line":47,"column":3}},"3":{"start":{"line":21,"column":20},"end":{"line":21,"column":34}},"4":{"start":{"line":22,"column":6},"end":{"line":29,"column":7}},"5":{"start":{"line":23,"column":19},"end":{"line":23,"column":25}},"6":{"start":{"line":24,"column":8},"end":{"line":28,"column":10}},"7":{"start":{"line":30,"column":20},"end":{"line":30,"column":39}},"8":{"start":{"line":31,"column":6},"end":{"line":31,"column":19}},"9":{"start":{"line":34,"column":23},"end":{"line":42,"column":8}},"10":{"start":{"line":35,"column":8},"end":{"line":40,"column":9}},"11":{"start":{"line":36,"column":10},"end":{"line":39,"column":12}},"12":{"start":{"line":41,"column":8},"end":{"line":41,"column":20}},"13":{"start":{"line":43,"column":6},"end":{"line":43,"column":27}},"14":{"start":{"line":46,"column":6},"end":{"line":46,"column":19}}},"fnMap":{"0":{"name":"(anonymous_0)","decl":{"start":{"line":18,"column":27},"end":{"line":18,"column":28}},"loc":{"start":{"line":18,"column":67},"end":{"line":48,"column":1}},"line":18},"1":{"name":"(anonymous_1)","decl":{"start":{"line":34,"column":33},"end":{"line":34,"column":34}},"loc":{"start":{"line":34,"column":41},"end":{"line":42,"column":7}},"line":34}},"branchMap":{"0":{"loc":{"start":{"line":18,"column":28},"end":{"line":18,"column":54}},"type":"default-arg","locations":[{"start":{"line":18,"column":36},"end":{"line":18,"column":54}}],"line":18},"1":{"loc":{"start":{"line":19,"column":2},"end":{"line":47,"column":3}},"type":"switch","locations":[{"start":{"line":20,"column":4},"end":{"line":32,"column":5}},{"start":{"line":33,"column":4},"end":{"line":44,"column":5}},{"start":{"line":45,"column":4},"end":{"line":46,"column":19}}],"line":19},"2":{"loc":{"start":{"line":22,"column":6},"end":{"line":29,"column":7}},"type":"if","locations":[{"start":{"line":22,"column":6},"end":{"line":29,"column":7}},{"start":{"line":22,"column":6},"end":{"line":29,"column":7}}],"line":22},"3":{"loc":{"start":{"line":35,"column":8},"end":{"line":40,"column":9}},"type":"if","locations":[{"start":{"line":35,"column":8},"end":{"line":40,"column":9}},{"start":{"line":35,"column":8},"end":{"line":40,"column":9}}],"line":35}},"s":{"0":1,"1":1,"2":2,"3":1,"4":1,"5":0,"6":0,"7":1,"8":1,"9":1,"10":2,"11":1,"12":1,"13":1,"14":0},"f":{"0":2,"1":2},"b":{"0":[0],"1":[1,1,0],"2":[0,1],"3":[1,1]},"_coverageSchema":"43e27e138ebf9cfc5966b082cf9a028302ed4184","hash":"29cd008c7254148751e4e26fcf7f362bae7a01e1"}
,"C:\\Users\\Home\\Desktop\\re\\web2019_3_anastasiia_bozhenko\\Task_7\\src\\Store\\Tasks\\selectors.js": {"path":"C:\\Users\\Home\\Desktop\\re\\web2019_3_anastasiia_bozhenko\\Task_7\\src\\Store\\Tasks\\selectors.js","statementMap":{"0":{"start":{"line":3,"column":31},"end":{"line":22,"column":1}},"1":{"start":{"line":4,"column":36},"end":{"line":4,"column":87}},"2":{"start":{"line":5,"column":13},"end":{"line":5,"column":32}},"3":{"start":{"line":6,"column":2},"end":{"line":21,"column":3}},"4":{"start":{"line":7,"column":4},"end":{"line":12,"column":16}},"5":{"start":{"line":8,"column":22},"end":{"line":8,"column":55}},"6":{"start":{"line":9,"column":22},"end":{"line":9,"column":73}},"7":{"start":{"line":10,"column":22},"end":{"line":12,"column":14}},"8":{"start":{"line":14,"column":4},"end":{"line":20,"column":11}},"9":{"start":{"line":16,"column":24},"end":{"line":16,"column":75}},"10":{"start":{"line":17,"column":24},"end":{"line":19,"column":16}}},"fnMap":{"0":{"name":"(anonymous_0)","decl":{"start":{"line":3,"column":31},"end":{"line":3,"column":32}},"loc":{"start":{"line":3,"column":52},"end":{"line":22,"column":1}},"line":3},"1":{"name":"(anonymous_1)","decl":{"start":{"line":8,"column":14},"end":{"line":8,"column":15}},"loc":{"start":{"line":8,"column":22},"end":{"line":8,"column":55}},"line":8},"2":{"name":"(anonymous_2)","decl":{"start":{"line":9,"column":14},"end":{"line":9,"column":15}},"loc":{"start":{"line":9,"column":22},"end":{"line":9,"column":73}},"line":9},"3":{"name":"(anonymous_3)","decl":{"start":{"line":10,"column":14},"end":{"line":10,"column":15}},"loc":{"start":{"line":10,"column":22},"end":{"line":12,"column":14}},"line":10},"4":{"name":"(anonymous_4)","decl":{"start":{"line":16,"column":16},"end":{"line":16,"column":17}},"loc":{"start":{"line":16,"column":24},"end":{"line":16,"column":75}},"line":16},"5":{"name":"(anonymous_5)","decl":{"start":{"line":17,"column":16},"end":{"line":17,"column":17}},"loc":{"start":{"line":17,"column":24},"end":{"line":19,"column":16}},"line":17}},"branchMap":{"0":{"loc":{"start":{"line":6,"column":2},"end":{"line":21,"column":3}},"type":"if","locations":[{"start":{"line":6,"column":2},"end":{"line":21,"column":3}},{"start":{"line":6,"column":2},"end":{"line":21,"column":3}}],"line":6},"1":{"loc":{"start":{"line":9,"column":22},"end":{"line":9,"column":73}},"type":"cond-expr","locations":[{"start":{"line":9,"column":44},"end":{"line":9,"column":48}},{"start":{"line":9,"column":51},"end":{"line":9,"column":73}}],"line":9},"2":{"loc":{"start":{"line":10,"column":22},"end":{"line":12,"column":14}},"type":"cond-expr","locations":[{"start":{"line":11,"column":10},"end":{"line":11,"column":72}},{"start":{"line":12,"column":10},"end":{"line":12,"column":14}}],"line":10},"3":{"loc":{"start":{"line":14,"column":11},"end":{"line":20,"column":10}},"type":"cond-expr","locations":[{"start":{"line":15,"column":8},"end":{"line":19,"column":17}},{"start":{"line":20,"column":8},"end":{"line":20,"column":10}}],"line":14},"4":{"loc":{"start":{"line":16,"column":24},"end":{"line":16,"column":75}},"type":"cond-expr","locations":[{"start":{"line":16,"column":46},"end":{"line":16,"column":50}},{"start":{"line":16,"column":53},"end":{"line":16,"column":75}}],"line":16},"5":{"loc":{"start":{"line":17,"column":24},"end":{"line":19,"column":16}},"type":"cond-expr","locations":[{"start":{"line":18,"column":12},"end":{"line":18,"column":74}},{"start":{"line":19,"column":12},"end":{"line":19,"column":16}}],"line":17}},"s":{"0":0,"1":0,"2":0,"3":0,"4":0,"5":0,"6":0,"7":0,"8":0,"9":0,"10":0},"f":{"0":0,"1":0,"2":0,"3":0,"4":0,"5":0},"b":{"0":[0,0],"1":[0,0],"2":[0,0],"3":[0,0],"4":[0,0],"5":[0,0]},"hash":"e648de728522a70d2e64110263b154d5b7b25b0a"}
,"C:\\Users\\Home\\Desktop\\re\\web2019_3_anastasiia_bozhenko\\Task_7\\src\\components\\Basic\\index.js": {"path":"C:\\Users\\Home\\Desktop\\re\\web2019_3_anastasiia_bozhenko\\Task_7\\src\\components\\Basic\\index.js","statementMap":{},"fnMap":{},"branchMap":{},"s":{},"f":{},"b":{},"hash":"b1a9e5837fea3b452ef87dc81570062d0e8d420b"}
,"C:\\Users\\Home\\Desktop\\re\\web2019_3_anastasiia_bozhenko\\Task_7\\src\\components\\Basic\\AddForm\\AddForm.jsx": {"path":"C:\\Users\\Home\\Desktop\\re\\web2019_3_anastasiia_bozhenko\\Task_7\\src\\components\\Basic\\AddForm\\AddForm.jsx","statementMap":{"0":{"start":{"line":9,"column":21},"end":{"line":13,"column":3}},"1":{"start":{"line":16,"column":4},"end":{"line":16,"column":17}},"2":{"start":{"line":17,"column":4},"end":{"line":19,"column":6}},"3":{"start":{"line":22,"column":17},"end":{"line":24,"column":3}},"4":{"start":{"line":23,"column":4},"end":{"line":23,"column":31}},"5":{"start":{"line":26,"column":17},"end":{"line":33,"column":3}},"6":{"start":{"line":27,"column":4},"end":{"line":27,"column":23}},"7":{"start":{"line":28,"column":29},"end":{"line":28,"column":39}},"8":{"start":{"line":29,"column":4},"end":{"line":29,"column":66}},"9":{"start":{"line":30,"column":4},"end":{"line":32,"column":7}},"10":{"start":{"line":36,"column":4},"end":{"line":41,"column":6}},"11":{"start":{"line":38,"column":55},"end":{"line":38,"column":88}},"12":{"start":{"line":45,"column":23},"end":{"line":45,"column":39}}},"fnMap":{"0":{"name":"(anonymous_0)","decl":{"start":{"line":15,"column":2},"end":{"line":15,"column":3}},"loc":{"start":{"line":15,"column":21},"end":{"line":20,"column":3}},"line":15},"1":{"name":"(anonymous_1)","decl":{"start":{"line":22,"column":17},"end":{"line":22,"column":18}},"loc":{"start":{"line":22,"column":28},"end":{"line":24,"column":3}},"line":22},"2":{"name":"(anonymous_2)","decl":{"start":{"line":26,"column":17},"end":{"line":26,"column":18}},"loc":{"start":{"line":26,"column":24},"end":{"line":33,"column":3}},"line":26},"3":{"name":"(anonymous_3)","decl":{"start":{"line":35,"column":2},"end":{"line":35,"column":3}},"loc":{"start":{"line":35,"column":11},"end":{"line":42,"column":3}},"line":35},"4":{"name":"(anonymous_4)","decl":{"start":{"line":38,"column":48},"end":{"line":38,"column":49}},"loc":{"start":{"line":38,"column":55},"end":{"line":38,"column":88}},"line":38}},"branchMap":{"0":{"loc":{"start":{"line":29,"column":4},"end":{"line":29,"column":65}},"type":"binary-expr","locations":[{"start":{"line":29,"column":4},"end":{"line":29,"column":16}},{"start":{"line":29,"column":20},"end":{"line":29,"column":65}}],"line":29}},"s":{"0":0,"1":0,"2":0,"3":0,"4":0,"5":0,"6":0,"7":0,"8":0,"9":0,"10":0,"11":0,"12":0},"f":{"0":0,"1":0,"2":0,"3":0,"4":0},"b":{"0":[0,0]},"hash":"7874a31a66d8e1b500685cb4c013af30e320ca33"}
,"C:\\Users\\Home\\Desktop\\re\\web2019_3_anastasiia_bozhenko\\Task_7\\src\\components\\Basic\\AddForm\\index.js": {"path":"C:\\Users\\Home\\Desktop\\re\\web2019_3_anastasiia_bozhenko\\Task_7\\src\\components\\Basic\\AddForm\\index.js","statementMap":{},"fnMap":{},"branchMap":{},"s":{},"f":{},"b":{},"hash":"3a7c4923f1f5f3879145e7c0e02e385dc09ffa72"}
,"C:\\Users\\Home\\Desktop\\re\\web2019_3_anastasiia_bozhenko\\Task_7\\src\\components\\Basic\\App\\App.jsx": {"path":"C:\\Users\\Home\\Desktop\\re\\web2019_3_anastasiia_bozhenko\\Task_7\\src\\components\\Basic\\App\\App.jsx","statementMap":{"0":{"start":{"line":11,"column":14},"end":{"line":15,"column":1}},"1":{"start":{"line":19,"column":4},"end":{"line":31,"column":6}}},"fnMap":{"0":{"name":"(anonymous_0)","decl":{"start":{"line":18,"column":2},"end":{"line":18,"column":3}},"loc":{"start":{"line":18,"column":11},"end":{"line":32,"column":3}},"line":18}},"branchMap":{"0":{"loc":{"start":{"line":14,"column":2},"end":{"line":14,"column":78}},"type":"binary-expr","locations":[{"start":{"line":14,"column":2},"end":{"line":14,"column":37}},{"start":{"line":14,"column":41},"end":{"line":14,"column":78}}],"line":14}},"s":{"0":0,"1":0},"f":{"0":0},"b":{"0":[0,0]},"hash":"d324e3b12b8aac4bc1d37edeb56f3ef4b93a3324"}
,"C:\\Users\\Home\\Desktop\\re\\web2019_3_anastasiia_bozhenko\\Task_7\\src\\components\\Basic\\App\\index.js": {"path":"C:\\Users\\Home\\Desktop\\re\\web2019_3_anastasiia_bozhenko\\Task_7\\src\\components\\Basic\\App\\index.js","statementMap":{},"fnMap":{},"branchMap":{},"s":{},"f":{},"b":{},"hash":"a03f0dd9a4597518c11f65d65b69b75e34a6d2e8"}
,"C:\\Users\\Home\\Desktop\\re\\web2019_3_anastasiia_bozhenko\\Task_7\\src\\components\\Basic\\Categories\\Categories.jsx": {"path":"C:\\Users\\Home\\Desktop\\re\\web2019_3_anastasiia_bozhenko\\Task_7\\src\\components\\Basic\\Categories\\Categories.jsx","statementMap":{"0":{"start":{"line":15,"column":31},"end":{"line":19,"column":1}},"1":{"start":{"line":22,"column":21},"end":{"line":34,"column":3}},"2":{"start":{"line":37,"column":4},"end":{"line":37,"column":17}},"3":{"start":{"line":38,"column":4},"end":{"line":41,"column":6}},"4":{"start":{"line":44,"column":16},"end":{"line":48,"column":3}},"5":{"start":{"line":45,"column":37},"end":{"line":45,"column":61}},"6":{"start":{"line":46,"column":33},"end":{"line":46,"column":53}},"7":{"start":{"line":47,"column":34},"end":{"line":47,"column":55}},"8":{"start":{"line":51,"column":21},"end":{"line":75,"column":3}},"9":{"start":{"line":52,"column":27},"end":{"line":52,"column":37}},"10":{"start":{"line":53,"column":4},"end":{"line":74,"column":8}},"11":{"start":{"line":55,"column":8},"end":{"line":68,"column":14}},"12":{"start":{"line":77,"column":16},"end":{"line":83,"column":3}},"13":{"start":{"line":78,"column":25},"end":{"line":78,"column":35}},"14":{"start":{"line":79,"column":4},"end":{"line":81,"column":5}},"15":{"start":{"line":80,"column":6},"end":{"line":80,"column":112}},"16":{"start":{"line":82,"column":4},"end":{"line":82,"column":16}},"17":{"start":{"line":85,"column":20},"end":{"line":87,"column":3}},"18":{"start":{"line":86,"column":4},"end":{"line":86,"column":49}},"19":{"start":{"line":93,"column":22},"end":{"line":109,"column":3}},"20":{"start":{"line":94,"column":4},"end":{"line":108,"column":6}},"21":{"start":{"line":111,"column":19},"end":{"line":124,"column":3}},"22":{"start":{"line":112,"column":4},"end":{"line":123,"column":6}},"23":{"start":{"line":126,"column":18},"end":{"line":134,"column":3}},"24":{"start":{"line":127,"column":4},"end":{"line":133,"column":6}},"25":{"start":{"line":139,"column":17},"end":{"line":145,"column":3}},"26":{"start":{"line":140,"column":36},"end":{"line":140,"column":46}},"27":{"start":{"line":141,"column":4},"end":{"line":143,"column":7}},"28":{"start":{"line":144,"column":4},"end":{"line":144,"column":28}},"29":{"start":{"line":147,"column":24},"end":{"line":150,"column":3}},"30":{"start":{"line":148,"column":24},"end":{"line":148,"column":34}},"31":{"start":{"line":149,"column":4},"end":{"line":149,"column":62}},"32":{"start":{"line":154,"column":4},"end":{"line":154,"column":74}},"33":{"start":{"line":158,"column":4},"end":{"line":158,"column":21}},"34":{"start":{"line":162,"column":24},"end":{"line":165,"column":2}},"35":{"start":{"line":162,"column":43},"end":{"line":165,"column":1}},"36":{"start":{"line":163,"column":51},"end":{"line":163,"column":83}},"37":{"start":{"line":167,"column":27},"end":{"line":177,"column":2}},"38":{"start":{"line":167,"column":42},"end":{"line":177,"column":1}},"39":{"start":{"line":168,"column":33},"end":{"line":168,"column":64}},"40":{"start":{"line":169,"column":32},"end":{"line":169,"column":62}},"41":{"start":{"line":170,"column":29},"end":{"line":170,"column":57}},"42":{"start":{"line":172,"column":4},"end":{"line":175,"column":6}},"43":{"start":{"line":172,"column":27},"end":{"line":172,"column":51}},"44":{"start":{"line":173,"column":6},"end":{"line":173,"column":55}},"45":{"start":{"line":179,"column":28},"end":{"line":179,"column":84}}},"fnMap":{"0":{"name":"(anonymous_0)","decl":{"start":{"line":36,"column":2},"end":{"line":36,"column":3}},"loc":{"start":{"line":36,"column":21},"end":{"line":42,"column":3}},"line":36},"1":{"name":"(anonymous_1)","decl":{"start":{"line":45,"column":31},"end":{"line":45,"column":32}},"loc":{"start":{"line":45,"column":37},"end":{"line":45,"column":61}},"line":45},"2":{"name":"(anonymous_2)","decl":{"start":{"line":46,"column":27},"end":{"line":46,"column":28}},"loc":{"start":{"line":46,"column":33},"end":{"line":46,"column":53}},"line":46},"3":{"name":"(anonymous_3)","decl":{"start":{"line":47,"column":28},"end":{"line":47,"column":29}},"loc":{"start":{"line":47,"column":34},"end":{"line":47,"column":55}},"line":47},"4":{"name":"(anonymous_4)","decl":{"start":{"line":51,"column":21},"end":{"line":51,"column":22}},"loc":{"start":{"line":51,"column":27},"end":{"line":75,"column":3}},"line":51},"5":{"name":"(anonymous_5)","decl":{"start":{"line":54,"column":23},"end":{"line":54,"column":24}},"loc":{"start":{"line":55,"column":8},"end":{"line":68,"column":14}},"line":55},"6":{"name":"(anonymous_6)","decl":{"start":{"line":77,"column":16},"end":{"line":77,"column":17}},"loc":{"start":{"line":77,"column":22},"end":{"line":83,"column":3}},"line":77},"7":{"name":"(anonymous_7)","decl":{"start":{"line":85,"column":20},"end":{"line":85,"column":21}},"loc":{"start":{"line":85,"column":26},"end":{"line":87,"column":3}},"line":85},"8":{"name":"(anonymous_8)","decl":{"start":{"line":93,"column":22},"end":{"line":93,"column":23}},"loc":{"start":{"line":93,"column":28},"end":{"line":109,"column":3}},"line":93},"9":{"name":"(anonymous_9)","decl":{"start":{"line":111,"column":19},"end":{"line":111,"column":20}},"loc":{"start":{"line":111,"column":25},"end":{"line":124,"column":3}},"line":111},"10":{"name":"(anonymous_10)","decl":{"start":{"line":126,"column":18},"end":{"line":126,"column":19}},"loc":{"start":{"line":126,"column":24},"end":{"line":134,"column":3}},"line":126},"11":{"name":"(anonymous_11)","decl":{"start":{"line":139,"column":17},"end":{"line":139,"column":18}},"loc":{"start":{"line":139,"column":25},"end":{"line":145,"column":3}},"line":139},"12":{"name":"(anonymous_12)","decl":{"start":{"line":147,"column":24},"end":{"line":147,"column":25}},"loc":{"start":{"line":147,"column":32},"end":{"line":150,"column":3}},"line":147},"13":{"name":"(anonymous_13)","decl":{"start":{"line":153,"column":2},"end":{"line":153,"column":3}},"loc":{"start":{"line":153,"column":11},"end":{"line":155,"column":3}},"line":153},"14":{"name":"(anonymous_14)","decl":{"start":{"line":157,"column":2},"end":{"line":157,"column":3}},"loc":{"start":{"line":157,"column":22},"end":{"line":159,"column":3}},"line":157},"15":{"name":"(anonymous_15)","decl":{"start":{"line":162,"column":24},"end":{"line":162,"column":25}},"loc":{"start":{"line":162,"column":43},"end":{"line":165,"column":1}},"line":162},"16":{"name":"(anonymous_16)","decl":{"start":{"line":163,"column":43},"end":{"line":163,"column":44}},"loc":{"start":{"line":163,"column":51},"end":{"line":163,"column":83}},"line":163},"17":{"name":"(anonymous_17)","decl":{"start":{"line":167,"column":27},"end":{"line":167,"column":28}},"loc":{"start":{"line":167,"column":42},"end":{"line":177,"column":1}},"line":167},"18":{"name":"(anonymous_18)","decl":{"start":{"line":168,"column":21},"end":{"line":168,"column":22}},"loc":{"start":{"line":168,"column":33},"end":{"line":168,"column":64}},"line":168},"19":{"name":"(anonymous_19)","decl":{"start":{"line":169,"column":24},"end":{"line":169,"column":25}},"loc":{"start":{"line":169,"column":32},"end":{"line":169,"column":62}},"line":169},"20":{"name":"(anonymous_20)","decl":{"start":{"line":170,"column":23},"end":{"line":170,"column":24}},"loc":{"start":{"line":170,"column":29},"end":{"line":170,"column":57}},"line":170},"21":{"name":"(anonymous_21)","decl":{"start":{"line":171,"column":7},"end":{"line":171,"column":8}},"loc":{"start":{"line":171,"column":13},"end":{"line":176,"column":3}},"line":171},"22":{"name":"(anonymous_22)","decl":{"start":{"line":172,"column":16},"end":{"line":172,"column":17}},"loc":{"start":{"line":172,"column":27},"end":{"line":172,"column":51}},"line":172},"23":{"name":"(anonymous_23)","decl":{"start":{"line":172,"column":58},"end":{"line":172,"column":59}},"loc":{"start":{"line":172,"column":67},"end":{"line":174,"column":5}},"line":172}},"branchMap":{"0":{"loc":{"start":{"line":53,"column":11},"end":{"line":74,"column":7}},"type":"cond-expr","locations":[{"start":{"line":54,"column":8},"end":{"line":69,"column":8}},{"start":{"line":70,"column":8},"end":{"line":74,"column":7}}],"line":53},"1":{"loc":{"start":{"line":53,"column":11},"end":{"line":53,"column":42}},"type":"binary-expr","locations":[{"start":{"line":53,"column":11},"end":{"line":53,"column":21}},{"start":{"line":53,"column":25},"end":{"line":53,"column":42}}],"line":53},"2":{"loc":{"start":{"line":66,"column":18},"end":{"line":66,"column":88}},"type":"cond-expr","locations":[{"start":{"line":66,"column":42},"end":{"line":66,"column":64}},{"start":{"line":66,"column":67},"end":{"line":66,"column":88}}],"line":66},"3":{"loc":{"start":{"line":70,"column":8},"end":{"line":74,"column":7}},"type":"binary-expr","locations":[{"start":{"line":70,"column":8},"end":{"line":70,"column":47}},{"start":{"line":71,"column":8},"end":{"line":73,"column":12}}],"line":70},"4":{"loc":{"start":{"line":79,"column":4},"end":{"line":81,"column":5}},"type":"if","locations":[{"start":{"line":79,"column":4},"end":{"line":81,"column":5}},{"start":{"line":79,"column":4},"end":{"line":81,"column":5}}],"line":79},"5":{"loc":{"start":{"line":96,"column":42},"end":{"line":96,"column":68}},"type":"binary-expr","locations":[{"start":{"line":96,"column":42},"end":{"line":96,"column":62}},{"start":{"line":96,"column":66},"end":{"line":96,"column":68}}],"line":96},"6":{"loc":{"start":{"line":114,"column":42},"end":{"line":114,"column":68}},"type":"binary-expr","locations":[{"start":{"line":114,"column":42},"end":{"line":114,"column":62}},{"start":{"line":114,"column":66},"end":{"line":114,"column":68}}],"line":114},"7":{"loc":{"start":{"line":128,"column":40},"end":{"line":128,"column":66}},"type":"binary-expr","locations":[{"start":{"line":128,"column":40},"end":{"line":128,"column":60}},{"start":{"line":128,"column":64},"end":{"line":128,"column":66}}],"line":128},"8":{"loc":{"start":{"line":154,"column":28},"end":{"line":154,"column":70}},"type":"binary-expr","locations":[{"start":{"line":154,"column":28},"end":{"line":154,"column":43}},{"start":{"line":154,"column":47},"end":{"line":154,"column":70}}],"line":154}},"s":{"0":0,"1":0,"2":0,"3":0,"4":0,"5":0,"6":0,"7":0,"8":0,"9":0,"10":0,"11":0,"12":0,"13":0,"14":0,"15":0,"16":0,"17":0,"18":0,"19":0,"20":0,"21":0,"22":0,"23":0,"24":0,"25":0,"26":0,"27":0,"28":0,"29":0,"30":0,"31":0,"32":0,"33":0,"34":0,"35":0,"36":0,"37":0,"38":0,"39":0,"40":0,"41":0,"42":0,"43":0,"44":0,"45":0},"f":{"0":0,"1":0,"2":0,"3":0,"4":0,"5":0,"6":0,"7":0,"8":0,"9":0,"10":0,"11":0,"12":0,"13":0,"14":0,"15":0,"16":0,"17":0,"18":0,"19":0,"20":0,"21":0,"22":0,"23":0},"b":{"0":[0,0],"1":[0,0],"2":[0,0],"3":[0,0],"4":[0,0],"5":[0,0],"6":[0,0],"7":[0,0],"8":[0,0]},"hash":"c4509bdbd6b9f9fce3d49912da576b6e1b027a43"}
,"C:\\Users\\Home\\Desktop\\re\\web2019_3_anastasiia_bozhenko\\Task_7\\src\\components\\Basic\\Categories\\index.js": {"path":"C:\\Users\\Home\\Desktop\\re\\web2019_3_anastasiia_bozhenko\\Task_7\\src\\components\\Basic\\Categories\\index.js","statementMap":{},"fnMap":{},"branchMap":{},"s":{},"f":{},"b":{},"hash":"7307e709f1667ee86d03eb82318106bc7c7ea37e"}
,"C:\\Users\\Home\\Desktop\\re\\web2019_3_anastasiia_bozhenko\\Task_7\\src\\components\\Basic\\Categories\\Category\\Category.jsx": {"path":"C:\\Users\\Home\\Desktop\\re\\web2019_3_anastasiia_bozhenko\\Task_7\\src\\components\\Basic\\Categories\\Category\\Category.jsx","statementMap":{"0":{"start":{"line":14,"column":29},"end":{"line":18,"column":1}},"1":{"start":{"line":21,"column":21},"end":{"line":31,"column":3}},"2":{"start":{"line":34,"column":4},"end":{"line":34,"column":17}},"3":{"start":{"line":35,"column":25},"end":{"line":35,"column":35}},"4":{"start":{"line":36,"column":4},"end":{"line":40,"column":6}},"5":{"start":{"line":43,"column":16},"end":{"line":43,"column":69}},"6":{"start":{"line":43,"column":22},"end":{"line":43,"column":69}},"7":{"start":{"line":45,"column":15},"end":{"line":48,"column":3}},"8":{"start":{"line":47,"column":4},"end":{"line":47,"column":49}},"9":{"start":{"line":50,"column":17},"end":{"line":55,"column":3}},"10":{"start":{"line":51,"column":4},"end":{"line":51,"column":23}},"11":{"start":{"line":52,"column":4},"end":{"line":52,"column":24}},"12":{"start":{"line":53,"column":40},"end":{"line":53,"column":50}},"13":{"start":{"line":54,"column":4},"end":{"line":54,"column":48}},"14":{"start":{"line":57,"column":25},"end":{"line":61,"column":3}},"15":{"start":{"line":58,"column":4},"end":{"line":58,"column":23}},"16":{"start":{"line":59,"column":4},"end":{"line":59,"column":24}},"17":{"start":{"line":60,"column":4},"end":{"line":60,"column":119}},"18":{"start":{"line":63,"column":21},"end":{"line":67,"column":3}},"19":{"start":{"line":64,"column":4},"end":{"line":66,"column":7}},"20":{"start":{"line":69,"column":19},"end":{"line":77,"column":3}},"21":{"start":{"line":70,"column":4},"end":{"line":73,"column":7}},"22":{"start":{"line":74,"column":4},"end":{"line":76,"column":7}},"23":{"start":{"line":79,"column":25},"end":{"line":81,"column":3}},"24":{"start":{"line":80,"column":4},"end":{"line":80,"column":29}},"25":{"start":{"line":83,"column":22},"end":{"line":92,"column":3}},"26":{"start":{"line":84,"column":4},"end":{"line":84,"column":23}},"27":{"start":{"line":85,"column":4},"end":{"line":85,"column":24}},"28":{"start":{"line":86,"column":40},"end":{"line":86,"column":50}},"29":{"start":{"line":87,"column":19},"end":{"line":87,"column":55}},"30":{"start":{"line":88,"column":4},"end":{"line":91,"column":7}},"31":{"start":{"line":94,"column":22},"end":{"line":122,"column":3}},"32":{"start":{"line":95,"column":25},"end":{"line":95,"column":35}},"33":{"start":{"line":96,"column":27},"end":{"line":96,"column":61}},"34":{"start":{"line":97,"column":28},"end":{"line":97,"column":73}},"35":{"start":{"line":98,"column":4},"end":{"line":121,"column":6}},"36":{"start":{"line":124,"column":21},"end":{"line":137,"column":3}},"37":{"start":{"line":125,"column":4},"end":{"line":136,"column":6}},"38":{"start":{"line":130,"column":34},"end":{"line":130,"column":75}},"39":{"start":{"line":139,"column":23},"end":{"line":164,"column":3}},"40":{"start":{"line":140,"column":25},"end":{"line":140,"column":35}},"41":{"start":{"line":141,"column":4},"end":{"line":163,"column":6}},"42":{"start":{"line":166,"column":16},"end":{"line":170,"column":3}},"43":{"start":{"line":167,"column":35},"end":{"line":167,"column":59}},"44":{"start":{"line":168,"column":34},"end":{"line":168,"column":57}},"45":{"start":{"line":169,"column":36},"end":{"line":169,"column":61}},"46":{"start":{"line":173,"column":4},"end":{"line":173,"column":72}},"47":{"start":{"line":177,"column":27},"end":{"line":180,"column":2}},"48":{"start":{"line":177,"column":40},"end":{"line":180,"column":1}},"49":{"start":{"line":178,"column":26},"end":{"line":178,"column":50}},"50":{"start":{"line":182,"column":26},"end":{"line":182,"column":73}}},"fnMap":{"0":{"name":"(anonymous_0)","decl":{"start":{"line":33,"column":2},"end":{"line":33,"column":3}},"loc":{"start":{"line":33,"column":21},"end":{"line":41,"column":3}},"line":33},"1":{"name":"(anonymous_1)","decl":{"start":{"line":43,"column":16},"end":{"line":43,"column":17}},"loc":{"start":{"line":43,"column":22},"end":{"line":43,"column":69}},"line":43},"2":{"name":"(anonymous_2)","decl":{"start":{"line":45,"column":15},"end":{"line":45,"column":16}},"loc":{"start":{"line":45,"column":21},"end":{"line":48,"column":3}},"line":45},"3":{"name":"(anonymous_3)","decl":{"start":{"line":50,"column":17},"end":{"line":50,"column":18}},"loc":{"start":{"line":50,"column":24},"end":{"line":55,"column":3}},"line":50},"4":{"name":"(anonymous_4)","decl":{"start":{"line":57,"column":25},"end":{"line":57,"column":26}},"loc":{"start":{"line":57,"column":32},"end":{"line":61,"column":3}},"line":57},"5":{"name":"(anonymous_5)","decl":{"start":{"line":63,"column":21},"end":{"line":63,"column":22}},"loc":{"start":{"line":63,"column":27},"end":{"line":67,"column":3}},"line":63},"6":{"name":"(anonymous_6)","decl":{"start":{"line":69,"column":19},"end":{"line":69,"column":20}},"loc":{"start":{"line":69,"column":25},"end":{"line":77,"column":3}},"line":69},"7":{"name":"(anonymous_7)","decl":{"start":{"line":79,"column":25},"end":{"line":79,"column":26}},"loc":{"start":{"line":79,"column":36},"end":{"line":81,"column":3}},"line":79},"8":{"name":"(anonymous_8)","decl":{"start":{"line":83,"column":22},"end":{"line":83,"column":23}},"loc":{"start":{"line":83,"column":29},"end":{"line":92,"column":3}},"line":83},"9":{"name":"(anonymous_9)","decl":{"start":{"line":94,"column":22},"end":{"line":94,"column":23}},"loc":{"start":{"line":94,"column":28},"end":{"line":122,"column":3}},"line":94},"10":{"name":"(anonymous_10)","decl":{"start":{"line":124,"column":21},"end":{"line":124,"column":22}},"loc":{"start":{"line":124,"column":27},"end":{"line":137,"column":3}},"line":124},"11":{"name":"(anonymous_11)","decl":{"start":{"line":130,"column":27},"end":{"line":130,"column":28}},"loc":{"start":{"line":130,"column":34},"end":{"line":130,"column":75}},"line":130},"12":{"name":"(anonymous_12)","decl":{"start":{"line":139,"column":23},"end":{"line":139,"column":24}},"loc":{"start":{"line":139,"column":29},"end":{"line":164,"column":3}},"line":139},"13":{"name":"(anonymous_13)","decl":{"start":{"line":167,"column":29},"end":{"line":167,"column":30}},"loc":{"start":{"line":167,"column":35},"end":{"line":167,"column":59}},"line":167},"14":{"name":"(anonymous_14)","decl":{"start":{"line":168,"column":28},"end":{"line":168,"column":29}},"loc":{"start":{"line":168,"column":34},"end":{"line":168,"column":57}},"line":168},"15":{"name":"(anonymous_15)","decl":{"start":{"line":169,"column":30},"end":{"line":169,"column":31}},"loc":{"start":{"line":169,"column":36},"end":{"line":169,"column":61}},"line":169},"16":{"name":"(anonymous_16)","decl":{"start":{"line":172,"column":2},"end":{"line":172,"column":3}},"loc":{"start":{"line":172,"column":11},"end":{"line":174,"column":3}},"line":172},"17":{"name":"(anonymous_17)","decl":{"start":{"line":177,"column":27},"end":{"line":177,"column":28}},"loc":{"start":{"line":177,"column":40},"end":{"line":180,"column":1}},"line":177},"18":{"name":"(anonymous_18)","decl":{"start":{"line":178,"column":18},"end":{"line":178,"column":19}},"loc":{"start":{"line":178,"column":26},"end":{"line":178,"column":50}},"line":178}},"branchMap":{"0":{"loc":{"start":{"line":54,"column":4},"end":{"line":54,"column":47}},"type":"binary-expr","locations":[{"start":{"line":54,"column":4},"end":{"line":54,"column":17}},{"start":{"line":54,"column":21},"end":{"line":54,"column":47}}],"line":54},"1":{"loc":{"start":{"line":96,"column":27},"end":{"line":96,"column":61}},"type":"cond-expr","locations":[{"start":{"line":96,"column":48},"end":{"line":96,"column":54}},{"start":{"line":96,"column":57},"end":{"line":96,"column":61}}],"line":96},"2":{"loc":{"start":{"line":97,"column":28},"end":{"line":97,"column":73}},"type":"cond-expr","locations":[{"start":{"line":97,"column":49},"end":{"line":97,"column":64}},{"start":{"line":97,"column":67},"end":{"line":97,"column":73}}],"line":97},"3":{"loc":{"start":{"line":173,"column":28},"end":{"line":173,"column":68}},"type":"binary-expr","locations":[{"start":{"line":173,"column":28},"end":{"line":173,"column":43}},{"start":{"line":173,"column":47},"end":{"line":173,"column":68}}],"line":173}},"s":{"0":0,"1":0,"2":0,"3":0,"4":0,"5":0,"6":0,"7":0,"8":0,"9":0,"10":0,"11":0,"12":0,"13":0,"14":0,"15":0,"16":0,"17":0,"18":0,"19":0,"20":0,"21":0,"22":0,"23":0,"24":0,"25":0,"26":0,"27":0,"28":0,"29":0,"30":0,"31":0,"32":0,"33":0,"34":0,"35":0,"36":0,"37":0,"38":0,"39":0,"40":0,"41":0,"42":0,"43":0,"44":0,"45":0,"46":0,"47":0,"48":0,"49":0,"50":0},"f":{"0":0,"1":0,"2":0,"3":0,"4":0,"5":0,"6":0,"7":0,"8":0,"9":0,"10":0,"11":0,"12":0,"13":0,"14":0,"15":0,"16":0,"17":0,"18":0},"b":{"0":[0,0],"1":[0,0],"2":[0,0],"3":[0,0]},"hash":"16ea3aca392270481651500229c4f0a0bdb13824"}
,"C:\\Users\\Home\\Desktop\\re\\web2019_3_anastasiia_bozhenko\\Task_7\\src\\components\\Basic\\Categories\\Category\\index.js": {"path":"C:\\Users\\Home\\Desktop\\re\\web2019_3_anastasiia_bozhenko\\Task_7\\src\\components\\Basic\\Categories\\Category\\index.js","statementMap":{},"fnMap":{},"branchMap":{},"s":{},"f":{},"b":{},"hash":"2508ceeaa80d5cfb01468424e0ccfe86e8fa05ab"}
,"C:\\Users\\Home\\Desktop\\re\\web2019_3_anastasiia_bozhenko\\Task_7\\src\\components\\Basic\\EditTodo\\EditTodo.jsx": {"path":"C:\\Users\\Home\\Desktop\\re\\web2019_3_anastasiia_bozhenko\\Task_7\\src\\components\\Basic\\EditTodo\\EditTodo.jsx","statementMap":{"0":{"start":{"line":10,"column":21},"end":{"line":16,"column":3}},"1":{"start":{"line":19,"column":4},"end":{"line":19,"column":17}},"2":{"start":{"line":20,"column":21},"end":{"line":20,"column":40}},"3":{"start":{"line":21,"column":58},"end":{"line":21,"column":66}},"4":{"start":{"line":22,"column":4},"end":{"line":27,"column":6}},"5":{"start":{"line":30,"column":21},"end":{"line":32,"column":3}},"6":{"start":{"line":31,"column":4},"end":{"line":31,"column":29}},"7":{"start":{"line":34,"column":28},"end":{"line":36,"column":3}},"8":{"start":{"line":35,"column":4},"end":{"line":35,"column":35}},"9":{"start":{"line":38,"column":22},"end":{"line":40,"column":3}},"10":{"start":{"line":39,"column":4},"end":{"line":39,"column":31}},"11":{"start":{"line":42,"column":15},"end":{"line":50,"column":3}},"12":{"start":{"line":43,"column":31},"end":{"line":43,"column":41}},"13":{"start":{"line":44,"column":4},"end":{"line":49,"column":7}},"14":{"start":{"line":52,"column":16},"end":{"line":52,"column":69}},"15":{"start":{"line":52,"column":22},"end":{"line":52,"column":69}},"16":{"start":{"line":55,"column":4},"end":{"line":69,"column":6}},"17":{"start":{"line":65,"column":32},"end":{"line":65,"column":69}},"18":{"start":{"line":66,"column":35},"end":{"line":66,"column":73}},"19":{"start":{"line":67,"column":35},"end":{"line":67,"column":79}},"20":{"start":{"line":73,"column":24},"end":{"line":77,"column":2}},"21":{"start":{"line":73,"column":43},"end":{"line":77,"column":1}},"22":{"start":{"line":76,"column":43},"end":{"line":76,"column":87}},"23":{"start":{"line":79,"column":27},"end":{"line":81,"column":2}},"24":{"start":{"line":79,"column":40},"end":{"line":81,"column":1}},"25":{"start":{"line":80,"column":26},"end":{"line":80,"column":50}},"26":{"start":{"line":83,"column":22},"end":{"line":83,"column":76}}},"fnMap":{"0":{"name":"(anonymous_0)","decl":{"start":{"line":18,"column":2},"end":{"line":18,"column":3}},"loc":{"start":{"line":18,"column":21},"end":{"line":28,"column":3}},"line":18},"1":{"name":"(anonymous_1)","decl":{"start":{"line":30,"column":21},"end":{"line":30,"column":22}},"loc":{"start":{"line":30,"column":32},"end":{"line":32,"column":3}},"line":30},"2":{"name":"(anonymous_2)","decl":{"start":{"line":34,"column":28},"end":{"line":34,"column":29}},"loc":{"start":{"line":34,"column":45},"end":{"line":36,"column":3}},"line":34},"3":{"name":"(anonymous_3)","decl":{"start":{"line":38,"column":22},"end":{"line":38,"column":23}},"loc":{"start":{"line":38,"column":35},"end":{"line":40,"column":3}},"line":38},"4":{"name":"(anonymous_4)","decl":{"start":{"line":42,"column":15},"end":{"line":42,"column":16}},"loc":{"start":{"line":42,"column":21},"end":{"line":50,"column":3}},"line":42},"5":{"name":"(anonymous_5)","decl":{"start":{"line":52,"column":16},"end":{"line":52,"column":17}},"loc":{"start":{"line":52,"column":22},"end":{"line":52,"column":69}},"line":52},"6":{"name":"(anonymous_6)","decl":{"start":{"line":54,"column":2},"end":{"line":54,"column":3}},"loc":{"start":{"line":54,"column":11},"end":{"line":70,"column":3}},"line":54},"7":{"name":"(anonymous_7)","decl":{"start":{"line":65,"column":25},"end":{"line":65,"column":26}},"loc":{"start":{"line":65,"column":32},"end":{"line":65,"column":69}},"line":65},"8":{"name":"(anonymous_8)","decl":{"start":{"line":66,"column":28},"end":{"line":66,"column":29}},"loc":{"start":{"line":66,"column":35},"end":{"line":66,"column":73}},"line":66},"9":{"name":"(anonymous_9)","decl":{"start":{"line":67,"column":28},"end":{"line":67,"column":29}},"loc":{"start":{"line":67,"column":35},"end":{"line":67,"column":79}},"line":67},"10":{"name":"(anonymous_10)","decl":{"start":{"line":73,"column":24},"end":{"line":73,"column":25}},"loc":{"start":{"line":73,"column":43},"end":{"line":77,"column":1}},"line":73},"11":{"name":"(anonymous_11)","decl":{"start":{"line":76,"column":35},"end":{"line":76,"column":36}},"loc":{"start":{"line":76,"column":43},"end":{"line":76,"column":87}},"line":76},"12":{"name":"(anonymous_12)","decl":{"start":{"line":79,"column":27},"end":{"line":79,"column":28}},"loc":{"start":{"line":79,"column":40},"end":{"line":81,"column":1}},"line":79},"13":{"name":"(anonymous_13)","decl":{"start":{"line":80,"column":18},"end":{"line":80,"column":19}},"loc":{"start":{"line":80,"column":26},"end":{"line":80,"column":50}},"line":80}},"branchMap":{},"s":{"0":0,"1":0,"2":0,"3":0,"4":0,"5":0,"6":0,"7":0,"8":0,"9":0,"10":0,"11":0,"12":0,"13":0,"14":0,"15":0,"16":0,"17":0,"18":0,"19":0,"20":0,"21":0,"22":0,"23":0,"24":0,"25":0,"26":0},"f":{"0":0,"1":0,"2":0,"3":0,"4":0,"5":0,"6":0,"7":0,"8":0,"9":0,"10":0,"11":0,"12":0,"13":0},"b":{},"hash":"6e334ec2358e5ae39b56a6482fb7f75d62fa89f8"}
,"C:\\Users\\Home\\Desktop\\re\\web2019_3_anastasiia_bozhenko\\Task_7\\src\\components\\Basic\\EditTodo\\index.js": {"path":"C:\\Users\\Home\\Desktop\\re\\web2019_3_anastasiia_bozhenko\\Task_7\\src\\components\\Basic\\EditTodo\\index.js","statementMap":{},"fnMap":{},"branchMap":{},"s":{},"f":{},"b":{},"hash":"e4e87d67d8062b523a39f5d82b7110e962392df3"}
,"C:\\Users\\Home\\Desktop\\re\\web2019_3_anastasiia_bozhenko\\Task_7\\src\\components\\Basic\\Header\\Header.jsx": {"path":"C:\\Users\\Home\\Desktop\\re\\web2019_3_anastasiia_bozhenko\\Task_7\\src\\components\\Basic\\Header\\Header.jsx","statementMap":{"0":{"start":{"line":12,"column":21},"end":{"line":14,"column":3}},"1":{"start":{"line":17,"column":4},"end":{"line":17,"column":17}},"2":{"start":{"line":18,"column":24},"end":{"line":18,"column":34}},"3":{"start":{"line":19,"column":22},"end":{"line":19,"column":56}},"4":{"start":{"line":20,"column":4},"end":{"line":23,"column":6}},"5":{"start":{"line":34,"column":16},"end":{"line":37,"column":4}},"6":{"start":{"line":34,"column":22},"end":{"line":37,"column":4}},"7":{"start":{"line":35,"column":24},"end":{"line":35,"column":34}},"8":{"start":{"line":36,"column":4},"end":{"line":36,"column":104}},"9":{"start":{"line":39,"column":22},"end":{"line":42,"column":4}},"10":{"start":{"line":39,"column":29},"end":{"line":42,"column":4}},"11":{"start":{"line":40,"column":24},"end":{"line":40,"column":34}},"12":{"start":{"line":41,"column":4},"end":{"line":41,"column":110}},"13":{"start":{"line":44,"column":22},"end":{"line":47,"column":4}},"14":{"start":{"line":44,"column":28},"end":{"line":47,"column":4}},"15":{"start":{"line":45,"column":24},"end":{"line":45,"column":34}},"16":{"start":{"line":46,"column":4},"end":{"line":46,"column":98}},"17":{"start":{"line":50,"column":4},"end":{"line":61,"column":6}}},"fnMap":{"0":{"name":"(anonymous_0)","decl":{"start":{"line":16,"column":2},"end":{"line":16,"column":3}},"loc":{"start":{"line":16,"column":21},"end":{"line":24,"column":3}},"line":16},"1":{"name":"(anonymous_1)","decl":{"start":{"line":34,"column":16},"end":{"line":34,"column":17}},"loc":{"start":{"line":34,"column":22},"end":{"line":37,"column":4}},"line":34},"2":{"name":"(anonymous_2)","decl":{"start":{"line":34,"column":70},"end":{"line":34,"column":71}},"loc":{"start":{"line":34,"column":76},"end":{"line":37,"column":3}},"line":34},"3":{"name":"(anonymous_3)","decl":{"start":{"line":39,"column":22},"end":{"line":39,"column":23}},"loc":{"start":{"line":39,"column":29},"end":{"line":42,"column":4}},"line":39},"4":{"name":"(anonymous_4)","decl":{"start":{"line":39,"column":75},"end":{"line":39,"column":76}},"loc":{"start":{"line":39,"column":81},"end":{"line":42,"column":3}},"line":39},"5":{"name":"(anonymous_5)","decl":{"start":{"line":44,"column":22},"end":{"line":44,"column":23}},"loc":{"start":{"line":44,"column":28},"end":{"line":47,"column":4}},"line":44},"6":{"name":"(anonymous_6)","decl":{"start":{"line":44,"column":62},"end":{"line":44,"column":63}},"loc":{"start":{"line":44,"column":68},"end":{"line":47,"column":3}},"line":44},"7":{"name":"(anonymous_7)","decl":{"start":{"line":49,"column":2},"end":{"line":49,"column":3}},"loc":{"start":{"line":49,"column":11},"end":{"line":62,"column":3}},"line":49}},"branchMap":{},"s":{"0":0,"1":0,"2":0,"3":0,"4":0,"5":0,"6":0,"7":0,"8":0,"9":0,"10":0,"11":0,"12":0,"13":0,"14":0,"15":0,"16":0,"17":0},"f":{"0":0,"1":0,"2":0,"3":0,"4":0,"5":0,"6":0,"7":0},"b":{},"hash":"c9f9b9ef2c77ad7b0e94201b54cb4285227ea49b"}
,"C:\\Users\\Home\\Desktop\\re\\web2019_3_anastasiia_bozhenko\\Task_7\\src\\components\\Basic\\Header\\index.js": {"path":"C:\\Users\\Home\\Desktop\\re\\web2019_3_anastasiia_bozhenko\\Task_7\\src\\components\\Basic\\Header\\index.js","statementMap":{},"fnMap":{},"branchMap":{},"s":{},"f":{},"b":{},"hash":"1945a5b68c24295ee0c22dd050a25b5f08b9f33f"}
,"C:\\Users\\Home\\Desktop\\re\\web2019_3_anastasiia_bozhenko\\Task_7\\src\\components\\Basic\\NewCategoriesForm\\NewCategoriesForm.jsx": {"path":"C:\\Users\\Home\\Desktop\\re\\web2019_3_anastasiia_bozhenko\\Task_7\\src\\components\\Basic\\NewCategoriesForm\\NewCategoriesForm.jsx","statementMap":{},"fnMap":{},"branchMap":{},"s":{},"f":{},"b":{},"hash":"873c0d16bf112a0a022ec6b3dc78da7ef3c39fe8"}
,"C:\\Users\\Home\\Desktop\\re\\web2019_3_anastasiia_bozhenko\\Task_7\\src\\components\\Basic\\Page\\Page.jsx": {"path":"C:\\Users\\Home\\Desktop\\re\\web2019_3_anastasiia_bozhenko\\Task_7\\src\\components\\Basic\\Page\\Page.jsx","statementMap":{"0":{"start":{"line":9,"column":21},"end":{"line":13,"column":3}},"1":{"start":{"line":16,"column":4},"end":{"line":34,"column":6}}},"fnMap":{"0":{"name":"(anonymous_0)","decl":{"start":{"line":15,"column":2},"end":{"line":15,"column":3}},"loc":{"start":{"line":15,"column":11},"end":{"line":35,"column":3}},"line":15}},"branchMap":{},"s":{"0":0,"1":0},"f":{"0":0},"b":{},"hash":"7c288a252716a7121b7660003a9222effaaf78e7"}
,"C:\\Users\\Home\\Desktop\\re\\web2019_3_anastasiia_bozhenko\\Task_7\\src\\components\\Basic\\Page\\index.js": {"path":"C:\\Users\\Home\\Desktop\\re\\web2019_3_anastasiia_bozhenko\\Task_7\\src\\components\\Basic\\Page\\index.js","statementMap":{},"fnMap":{},"branchMap":{},"s":{},"f":{},"b":{},"hash":"83b05f19ee63b29c814dfb2935aa4e603dded404"}
,"C:\\Users\\Home\\Desktop\\re\\web2019_3_anastasiia_bozhenko\\Task_7\\src\\components\\Basic\\PageEdit\\PageEdit.jsx": {"path":"C:\\Users\\Home\\Desktop\\re\\web2019_3_anastasiia_bozhenko\\Task_7\\src\\components\\Basic\\PageEdit\\PageEdit.jsx","statementMap":{"0":{"start":{"line":9,"column":21},"end":{"line":14,"column":3}},"1":{"start":{"line":17,"column":4},"end":{"line":17,"column":17}},"2":{"start":{"line":18,"column":24},"end":{"line":18,"column":43}},"3":{"start":{"line":19,"column":4},"end":{"line":21,"column":6}},"4":{"start":{"line":25,"column":4},"end":{"line":39,"column":6}},"5":{"start":{"line":42,"column":24},"end":{"line":44,"column":2}},"6":{"start":{"line":42,"column":43},"end":{"line":44,"column":1}},"7":{"start":{"line":43,"column":43},"end":{"line":43,"column":87}},"8":{"start":{"line":46,"column":22},"end":{"line":46,"column":56}}},"fnMap":{"0":{"name":"(anonymous_0)","decl":{"start":{"line":16,"column":2},"end":{"line":16,"column":3}},"loc":{"start":{"line":16,"column":21},"end":{"line":22,"column":3}},"line":16},"1":{"name":"(anonymous_1)","decl":{"start":{"line":24,"column":2},"end":{"line":24,"column":3}},"loc":{"start":{"line":24,"column":11},"end":{"line":40,"column":3}},"line":24},"2":{"name":"(anonymous_2)","decl":{"start":{"line":42,"column":24},"end":{"line":42,"column":25}},"loc":{"start":{"line":42,"column":43},"end":{"line":44,"column":1}},"line":42},"3":{"name":"(anonymous_3)","decl":{"start":{"line":43,"column":35},"end":{"line":43,"column":36}},"loc":{"start":{"line":43,"column":43},"end":{"line":43,"column":87}},"line":43}},"branchMap":{},"s":{"0":0,"1":0,"2":0,"3":0,"4":0,"5":0,"6":0,"7":0,"8":0},"f":{"0":0,"1":0,"2":0,"3":0},"b":{},"hash":"31e0636472647ccb2214613e1992d7f2c93dced6"}
,"C:\\Users\\Home\\Desktop\\re\\web2019_3_anastasiia_bozhenko\\Task_7\\src\\components\\Basic\\PageEdit\\index.js": {"path":"C:\\Users\\Home\\Desktop\\re\\web2019_3_anastasiia_bozhenko\\Task_7\\src\\components\\Basic\\PageEdit\\index.js","statementMap":{},"fnMap":{},"branchMap":{},"s":{},"f":{},"b":{},"hash":"1432996de0fb2532bbfe0fc7530212e5ffb104fd"}
,"C:\\Users\\Home\\Desktop\\re\\web2019_3_anastasiia_bozhenko\\Task_7\\src\\components\\Basic\\Tasks\\Tasks.jsx": {"path":"C:\\Users\\Home\\Desktop\\re\\web2019_3_anastasiia_bozhenko\\Task_7\\src\\components\\Basic\\Tasks\\Tasks.jsx","statementMap":{"0":{"start":{"line":12,"column":21},"end":{"line":17,"column":3}},"1":{"start":{"line":19,"column":23},"end":{"line":36,"column":3}},"2":{"start":{"line":20,"column":22},"end":{"line":20,"column":32}},"3":{"start":{"line":22,"column":4},"end":{"line":35,"column":8}},"4":{"start":{"line":24,"column":8},"end":{"line":29,"column":10}},"5":{"start":{"line":39,"column":4},"end":{"line":44,"column":6}},"6":{"start":{"line":48,"column":24},"end":{"line":53,"column":1}},"7":{"start":{"line":49,"column":2},"end":{"line":52,"column":4}},"8":{"start":{"line":55,"column":27},"end":{"line":58,"column":2}},"9":{"start":{"line":55,"column":52},"end":{"line":58,"column":1}},"10":{"start":{"line":56,"column":25},"end":{"line":56,"column":102}},"11":{"start":{"line":57,"column":36},"end":{"line":57,"column":71}},"12":{"start":{"line":60,"column":23},"end":{"line":60,"column":74}}},"fnMap":{"0":{"name":"(anonymous_0)","decl":{"start":{"line":19,"column":23},"end":{"line":19,"column":24}},"loc":{"start":{"line":19,"column":29},"end":{"line":36,"column":3}},"line":19},"1":{"name":"(anonymous_1)","decl":{"start":{"line":23,"column":18},"end":{"line":23,"column":19}},"loc":{"start":{"line":24,"column":8},"end":{"line":29,"column":10}},"line":24},"2":{"name":"(anonymous_2)","decl":{"start":{"line":38,"column":2},"end":{"line":38,"column":3}},"loc":{"start":{"line":38,"column":11},"end":{"line":45,"column":3}},"line":38},"3":{"name":"(anonymous_3)","decl":{"start":{"line":48,"column":24},"end":{"line":48,"column":25}},"loc":{"start":{"line":48,"column":45},"end":{"line":53,"column":1}},"line":48},"4":{"name":"(anonymous_4)","decl":{"start":{"line":55,"column":27},"end":{"line":55,"column":28}},"loc":{"start":{"line":55,"column":52},"end":{"line":58,"column":1}},"line":55},"5":{"name":"(anonymous_5)","decl":{"start":{"line":56,"column":17},"end":{"line":56,"column":18}},"loc":{"start":{"line":56,"column":25},"end":{"line":56,"column":102}},"line":56},"6":{"name":"(anonymous_6)","decl":{"start":{"line":57,"column":19},"end":{"line":57,"column":20}},"loc":{"start":{"line":57,"column":36},"end":{"line":57,"column":71}},"line":57}},"branchMap":{"0":{"loc":{"start":{"line":22,"column":11},"end":{"line":35,"column":7}},"type":"cond-expr","locations":[{"start":{"line":23,"column":8},"end":{"line":30,"column":8}},{"start":{"line":32,"column":8},"end":{"line":34,"column":12}}],"line":22},"1":{"loc":{"start":{"line":22,"column":11},"end":{"line":22,"column":32}},"type":"binary-expr","locations":[{"start":{"line":22,"column":11},"end":{"line":22,"column":16}},{"start":{"line":22,"column":20},"end":{"line":22,"column":32}}],"line":22}},"s":{"0":0,"1":0,"2":0,"3":0,"4":0,"5":0,"6":0,"7":0,"8":0,"9":0,"10":0,"11":0,"12":0},"f":{"0":0,"1":0,"2":0,"3":0,"4":0,"5":0,"6":0},"b":{"0":[0,0],"1":[0,0]},"hash":"498319a5252efe6a9c8b79efc299a0de9326464f"}
,"C:\\Users\\Home\\Desktop\\re\\web2019_3_anastasiia_bozhenko\\Task_7\\src\\components\\Basic\\Tasks\\index.js": {"path":"C:\\Users\\Home\\Desktop\\re\\web2019_3_anastasiia_bozhenko\\Task_7\\src\\components\\Basic\\Tasks\\index.js","statementMap":{},"fnMap":{},"branchMap":{},"s":{},"f":{},"b":{},"hash":"fd69cf06da1910e823e2692285ce51ef119c2201"}
,"C:\\Users\\Home\\Desktop\\re\\web2019_3_anastasiia_bozhenko\\Task_7\\src\\components\\Basic\\Tasks\\Task\\Task.jsx": {"path":"C:\\Users\\Home\\Desktop\\re\\web2019_3_anastasiia_bozhenko\\Task_7\\src\\components\\Basic\\Tasks\\Task\\Task.jsx","statementMap":{"0":{"start":{"line":11,"column":21},"end":{"line":15,"column":3}},"1":{"start":{"line":17,"column":16},"end":{"line":17,"column":84}},"2":{"start":{"line":17,"column":29},"end":{"line":17,"column":84}},"3":{"start":{"line":19,"column":20},"end":{"line":22,"column":3}},"4":{"start":{"line":20,"column":30},"end":{"line":20,"column":40}},"5":{"start":{"line":21,"column":4},"end":{"line":21,"column":37}},"6":{"start":{"line":25,"column":21},"end":{"line":25,"column":31}},"7":{"start":{"line":26,"column":4},"end":{"line":33,"column":6}}},"fnMap":{"0":{"name":"(anonymous_0)","decl":{"start":{"line":17,"column":16},"end":{"line":17,"column":17}},"loc":{"start":{"line":17,"column":29},"end":{"line":17,"column":84}},"line":17},"1":{"name":"(anonymous_1)","decl":{"start":{"line":19,"column":20},"end":{"line":19,"column":21}},"loc":{"start":{"line":19,"column":26},"end":{"line":22,"column":3}},"line":19},"2":{"name":"(anonymous_2)","decl":{"start":{"line":24,"column":2},"end":{"line":24,"column":3}},"loc":{"start":{"line":24,"column":11},"end":{"line":34,"column":3}},"line":24}},"branchMap":{},"s":{"0":0,"1":0,"2":0,"3":0,"4":0,"5":0,"6":0,"7":0},"f":{"0":0,"1":0,"2":0},"b":{},"hash":"dd79aafc53b52359ebfb42c96351857d3187ba45"}
,"C:\\Users\\Home\\Desktop\\re\\web2019_3_anastasiia_bozhenko\\Task_7\\src\\components\\Basic\\Tasks\\Task\\index.js": {"path":"C:\\Users\\Home\\Desktop\\re\\web2019_3_anastasiia_bozhenko\\Task_7\\src\\components\\Basic\\Tasks\\Task\\index.js","statementMap":{},"fnMap":{},"branchMap":{},"s":{},"f":{},"b":{},"hash":"1b6e03a3f18756671d5b78c3d4ce21fe7a0e4184"}
,"C:\\Users\\Home\\Desktop\\re\\web2019_3_anastasiia_bozhenko\\Task_7\\src\\components\\Primitives\\index.js": {"path":"C:\\Users\\Home\\Desktop\\re\\web2019_3_anastasiia_bozhenko\\Task_7\\src\\components\\Primitives\\index.js","statementMap":{},"fnMap":{},"branchMap":{},"s":{},"f":{},"b":{},"hash":"fee041d30a6c616e18bc16975529d7cfd4f91cc4"}
,"C:\\Users\\Home\\Desktop\\re\\web2019_3_anastasiia_bozhenko\\Task_7\\src\\components\\Primitives\\Button\\Button.jsx": {"path":"C:\\Users\\Home\\Desktop\\re\\web2019_3_anastasiia_bozhenko\\Task_7\\src\\components\\Primitives\\Button\\Button.jsx","statementMap":{"0":{"start":{"line":5,"column":22},"end":{"line":14,"column":1}},"1":{"start":{"line":6,"column":2},"end":{"line":13,"column":4}},"2":{"start":{"line":16,"column":0},"end":{"line":24,"column":2}}},"fnMap":{"0":{"name":"(anonymous_0)","decl":{"start":{"line":5,"column":22},"end":{"line":5,"column":23}},"loc":{"start":{"line":5,"column":33},"end":{"line":14,"column":1}},"line":5}},"branchMap":{"0":{"loc":{"start":{"line":9,"column":12},"end":{"line":9,"column":34}},"type":"binary-expr","locations":[{"start":{"line":9,"column":12},"end":{"line":9,"column":20}},{"start":{"line":9,"column":24},"end":{"line":9,"column":34}}],"line":9}},"s":{"0":0,"1":0,"2":0},"f":{"0":0},"b":{"0":[0,0]},"hash":"96de21f189167a25c0435cefe2f31a6dcf1491ed"}
,"C:\\Users\\Home\\Desktop\\re\\web2019_3_anastasiia_bozhenko\\Task_7\\src\\components\\Primitives\\Button\\index.js": {"path":"C:\\Users\\Home\\Desktop\\re\\web2019_3_anastasiia_bozhenko\\Task_7\\src\\components\\Primitives\\Button\\index.js","statementMap":{},"fnMap":{},"branchMap":{},"s":{},"f":{},"b":{},"hash":"e2287f295a7afab051b01d14785db17d707d2255"}
,"C:\\Users\\Home\\Desktop\\re\\web2019_3_anastasiia_bozhenko\\Task_7\\src\\components\\Primitives\\Checkbox\\Checkbox.jsx": {"path":"C:\\Users\\Home\\Desktop\\re\\web2019_3_anastasiia_bozhenko\\Task_7\\src\\components\\Primitives\\Checkbox\\Checkbox.jsx","statementMap":{"0":{"start":{"line":6,"column":21},"end":{"line":12,"column":3}},"1":{"start":{"line":14,"column":24},"end":{"line":16,"column":3}},"2":{"start":{"line":15,"column":4},"end":{"line":15,"column":44}},"3":{"start":{"line":19,"column":26},"end":{"line":19,"column":64}},"4":{"start":{"line":20,"column":4},"end":{"line":31,"column":6}}},"fnMap":{"0":{"name":"(anonymous_0)","decl":{"start":{"line":14,"column":24},"end":{"line":14,"column":25}},"loc":{"start":{"line":14,"column":30},"end":{"line":16,"column":3}},"line":14},"1":{"name":"(anonymous_1)","decl":{"start":{"line":18,"column":2},"end":{"line":18,"column":3}},"loc":{"start":{"line":18,"column":11},"end":{"line":32,"column":3}},"line":18}},"branchMap":{"0":{"loc":{"start":{"line":19,"column":26},"end":{"line":19,"column":64}},"type":"cond-expr","locations":[{"start":{"line":19,"column":49},"end":{"line":19,"column":55}},{"start":{"line":19,"column":58},"end":{"line":19,"column":64}}],"line":19},"1":{"loc":{"start":{"line":29,"column":9},"end":{"line":29,"column":87}},"type":"binary-expr","locations":[{"start":{"line":29,"column":9},"end":{"line":29,"column":24}},{"start":{"line":29,"column":29},"end":{"line":29,"column":86}}],"line":29}},"s":{"0":0,"1":0,"2":0,"3":0,"4":0},"f":{"0":0,"1":0},"b":{"0":[0,0],"1":[0,0]},"hash":"185db3fcc53325727c1fe90651256991fafa927e"}
,"C:\\Users\\Home\\Desktop\\re\\web2019_3_anastasiia_bozhenko\\Task_7\\src\\components\\Primitives\\Checkbox\\index.js": {"path":"C:\\Users\\Home\\Desktop\\re\\web2019_3_anastasiia_bozhenko\\Task_7\\src\\components\\Primitives\\Checkbox\\index.js","statementMap":{},"fnMap":{},"branchMap":{},"s":{},"f":{},"b":{},"hash":"0484151efdbf645c5efde60e246871ef21134aed"}
,"C:\\Users\\Home\\Desktop\\re\\web2019_3_anastasiia_bozhenko\\Task_7\\src\\components\\Primitives\\Input\\Input.jsx": {"path":"C:\\Users\\Home\\Desktop\\re\\web2019_3_anastasiia_bozhenko\\Task_7\\src\\components\\Primitives\\Input\\Input.jsx","statementMap":{"0":{"start":{"line":5,"column":21},"end":{"line":9,"column":3}},"1":{"start":{"line":25,"column":4},"end":{"line":32,"column":6}}},"fnMap":{"0":{"name":"(anonymous_0)","decl":{"start":{"line":24,"column":2},"end":{"line":24,"column":3}},"loc":{"start":{"line":24,"column":11},"end":{"line":33,"column":3}},"line":24}},"branchMap":{},"s":{"0":0,"1":0},"f":{"0":0},"b":{},"hash":"3dc414bb91afa79a0c18b0c6da37c035f7b99765"}
,"C:\\Users\\Home\\Desktop\\re\\web2019_3_anastasiia_bozhenko\\Task_7\\src\\components\\Primitives\\Input\\index.js": {"path":"C:\\Users\\Home\\Desktop\\re\\web2019_3_anastasiia_bozhenko\\Task_7\\src\\components\\Primitives\\Input\\index.js","statementMap":{},"fnMap":{},"branchMap":{},"s":{},"f":{},"b":{},"hash":"268a89fa974b54551814e5aff105183cd4a3903c"}
,"C:\\Users\\Home\\Desktop\\re\\web2019_3_anastasiia_bozhenko\\Task_7\\src\\components\\Primitives\\ProgressBar\\ProgressBar.jsx": {"path":"C:\\Users\\Home\\Desktop\\re\\web2019_3_anastasiia_bozhenko\\Task_7\\src\\components\\Primitives\\ProgressBar\\ProgressBar.jsx","statementMap":{"0":{"start":{"line":7,"column":21},"end":{"line":13,"column":3}},"1":{"start":{"line":15,"column":19},"end":{"line":24,"column":3}},"2":{"start":{"line":16,"column":87},"end":{"line":16,"column":97}},"3":{"start":{"line":17,"column":4},"end":{"line":23,"column":5}},"4":{"start":{"line":18,"column":6},"end":{"line":19,"column":78}},"5":{"start":{"line":21,"column":6},"end":{"line":22,"column":54}},"6":{"start":{"line":27,"column":23},"end":{"line":27,"column":44}},"7":{"start":{"line":28,"column":4},"end":{"line":32,"column":6}},"8":{"start":{"line":36,"column":24},"end":{"line":47,"column":1}},"9":{"start":{"line":37,"column":2},"end":{"line":46,"column":4}},"10":{"start":{"line":39,"column":49},"end":{"line":39,"column":70}},"11":{"start":{"line":42,"column":22},"end":{"line":42,"column":63}},"12":{"start":{"line":44,"column":22},"end":{"line":44,"column":63}},"13":{"start":{"line":45,"column":22},"end":{"line":45,"column":43}},"14":{"start":{"line":49,"column":29},"end":{"line":49,"column":72}}},"fnMap":{"0":{"name":"(anonymous_0)","decl":{"start":{"line":15,"column":19},"end":{"line":15,"column":20}},"loc":{"start":{"line":15,"column":25},"end":{"line":24,"column":3}},"line":15},"1":{"name":"(anonymous_1)","decl":{"start":{"line":26,"column":2},"end":{"line":26,"column":3}},"loc":{"start":{"line":26,"column":11},"end":{"line":33,"column":3}},"line":26},"2":{"name":"(anonymous_2)","decl":{"start":{"line":36,"column":24},"end":{"line":36,"column":25}},"loc":{"start":{"line":36,"column":42},"end":{"line":47,"column":1}},"line":36},"3":{"name":"(anonymous_3)","decl":{"start":{"line":39,"column":41},"end":{"line":39,"column":42}},"loc":{"start":{"line":39,"column":49},"end":{"line":39,"column":70}},"line":39},"4":{"name":"(anonymous_4)","decl":{"start":{"line":42,"column":14},"end":{"line":42,"column":15}},"loc":{"start":{"line":42,"column":22},"end":{"line":42,"column":63}},"line":42},"5":{"name":"(anonymous_5)","decl":{"start":{"line":44,"column":14},"end":{"line":44,"column":15}},"loc":{"start":{"line":44,"column":22},"end":{"line":44,"column":63}},"line":44},"6":{"name":"(anonymous_6)","decl":{"start":{"line":45,"column":14},"end":{"line":45,"column":15}},"loc":{"start":{"line":45,"column":22},"end":{"line":45,"column":43}},"line":45}},"branchMap":{"0":{"loc":{"start":{"line":17,"column":4},"end":{"line":23,"column":5}},"type":"if","locations":[{"start":{"line":17,"column":4},"end":{"line":23,"column":5}},{"start":{"line":17,"column":4},"end":{"line":23,"column":5}}],"line":17},"1":{"loc":{"start":{"line":18,"column":13},"end":{"line":19,"column":77}},"type":"cond-expr","locations":[{"start":{"line":19,"column":10},"end":{"line":19,"column":73}},{"start":{"line":19,"column":76},"end":{"line":19,"column":77}}],"line":18},"2":{"loc":{"start":{"line":21,"column":13},"end":{"line":22,"column":53}},"type":"cond-expr","locations":[{"start":{"line":22,"column":10},"end":{"line":22,"column":49}},{"start":{"line":22,"column":52},"end":{"line":22,"column":53}}],"line":21}},"s":{"0":0,"1":0,"2":0,"3":0,"4":0,"5":0,"6":0,"7":0,"8":0,"9":0,"10":0,"11":0,"12":0,"13":0,"14":0},"f":{"0":0,"1":0,"2":0,"3":0,"4":0,"5":0,"6":0},"b":{"0":[0,0],"1":[0,0],"2":[0,0]},"hash":"5310d9e3f7eed886d788d8c61ad0f8da9b11b89b"}
,"C:\\Users\\Home\\Desktop\\re\\web2019_3_anastasiia_bozhenko\\Task_7\\src\\components\\Primitives\\ProgressBar\\index.js": {"path":"C:\\Users\\Home\\Desktop\\re\\web2019_3_anastasiia_bozhenko\\Task_7\\src\\components\\Primitives\\ProgressBar\\index.js","statementMap":{},"fnMap":{},"branchMap":{},"s":{},"f":{},"b":{},"hash":"dcb71f0f09317cee42f4f8c83ee0a3db873238ce"}
}
